[error] Error: Cannot find module '@angular/compiler-cli'
Require stack:
- /root/assignment-7-tautona/client/node_modules/@ngtools/webpack/src/angular_compiler_plugin.js
- /root/assignment-7-tautona/client/node_modules/@ngtools/webpack/src/index.js
- /root/assignment-7-tautona/client/node_modules/@angular-devkit/build-angular/src/angular-cli-files/models/webpack-configs/typescript.js
- /root/assignment-7-tautona/client/node_modules/@angular-devkit/build-angular/src/angular-cli-files/models/webpack-configs/index.js
- /root/assignment-7-tautona/client/node_modules/@angular-devkit/build-angular/src/browser/index.js
- /root/assignment-7-tautona/client/node_modules/@angular-devkit/build-angular/src/dev-server/index.js
- /usr/local/lib/node_modules/@angular/cli/node_modules/@angular-devkit/architect/node/node-modules-architect-host.js
- /usr/local/lib/node_modules/@angular/cli/node_modules/@angular-devkit/architect/node/index.js
- /usr/local/lib/node_modules/@angular/cli/models/architect-command.js
- /usr/local/lib/node_modules/@angular/cli/commands/serve-impl.js
- /usr/local/lib/node_modules/@angular/cli/node_modules/@angular-devkit/schematics/tools/export-ref.js
- /usr/local/lib/node_modules/@angular/cli/node_modules/@angular-devkit/schematics/tools/index.js
- /usr/local/lib/node_modules/@angular/cli/utilities/json-schema.js
- /usr/local/lib/node_modules/@angular/cli/models/command-runner.js
- /usr/local/lib/node_modules/@angular/cli/lib/cli/index.js
- /usr/local/lib/node_modules/@angular/cli/lib/init.js
- /usr/local/lib/node_modules/@angular/cli/bin/ng
    at Function.Module._resolveFilename (internal/modules/cjs/loader.js:957:15)
    at Function.Module._load (internal/modules/cjs/loader.js:840:27)
    at Module.require (internal/modules/cjs/loader.js:1019:19)
    at require (internal/modules/cjs/helpers.js:77:18)
    at Object.<anonymous> (/root/assignment-7-tautona/client/node_modules/@ngtools/webpack/src/angular_compiler_plugin.js:12:24)
    at Module._compile (internal/modules/cjs/loader.js:1133:30)
    at Object.Module._extensions..js (internal/modules/cjs/loader.js:1153:10)
    at Module.load (internal/modules/cjs/loader.js:977:32)
    at Function.Module._load (internal/modules/cjs/loader.js:877:14)
    at Module.require (internal/modules/cjs/loader.js:1019:19)
    at require (internal/modules/cjs/helpers.js:77:18)
    at Object.<anonymous> (/root/assignment-7-tautona/client/node_modules/@ngtools/webpack/src/index.js:13:10)
    at Module._compile (internal/modules/cjs/loader.js:1133:30)
    at Object.Module._extensions..js (internal/modules/cjs/loader.js:1153:10)
    at Module.load (internal/modules/cjs/loader.js:977:32)
    at Function.Module._load (internal/modules/cjs/loader.js:877:14)

